<?xml version="1.0" encoding="UTF-8"?>
<testsuite name="wrapper.Servlet_RestControllerTests" tests="5" skipped="0" failures="0" errors="0" timestamp="2019-03-31T19:11:30" hostname="SHANKS-XPS" time="0.697">
  <properties/>
  <testcase name="TEST_NewGameStartingAsBlack" classname="wrapper.Servlet_RestControllerTests" time="0.63"/>
  <testcase name="TEST_NewGameStartingAsWhite" classname="wrapper.Servlet_RestControllerTests" time="0.032"/>
  <testcase name="TEST_CheckQuitResponse" classname="wrapper.Servlet_RestControllerTests" time="0.008"/>
  <testcase name="TEST_CheckIdGeneratedFunction" classname="wrapper.Servlet_RestControllerTests" time="0.016"/>
  <testcase name="TEST_PassingRandomGameID" classname="wrapper.Servlet_RestControllerTests" time="0.011"/>
  <system-out><![CDATA[14:11:28.409 [Test worker] DEBUG org.springframework.test.context.junit4.SpringJUnit4ClassRunner - SpringJUnit4ClassRunner constructor called with [class wrapper.Servlet_RestControllerTests]
14:11:28.416 [Test worker] DEBUG org.springframework.test.context.BootstrapUtils - Instantiating CacheAwareContextLoaderDelegate from class [org.springframework.test.context.cache.DefaultCacheAwareContextLoaderDelegate]
14:11:28.422 [Test worker] DEBUG org.springframework.test.context.BootstrapUtils - Instantiating BootstrapContext using constructor [public org.springframework.test.context.support.DefaultBootstrapContext(java.lang.Class,org.springframework.test.context.CacheAwareContextLoaderDelegate)]
14:11:28.442 [Test worker] DEBUG org.springframework.test.context.BootstrapUtils - Instantiating TestContextBootstrapper for test class [wrapper.Servlet_RestControllerTests] from class [org.springframework.boot.test.context.SpringBootTestContextBootstrapper]
14:11:28.450 [Test worker] INFO org.springframework.boot.test.context.SpringBootTestContextBootstrapper - Neither @ContextConfiguration nor @ContextHierarchy found for test class [wrapper.Servlet_RestControllerTests], using SpringBootContextLoader
14:11:28.453 [Test worker] DEBUG org.springframework.test.context.support.AbstractContextLoader - Did not detect default resource location for test class [wrapper.Servlet_RestControllerTests]: class path resource [wrapper/Servlet_RestControllerTests-context.xml] does not exist
14:11:28.454 [Test worker] DEBUG org.springframework.test.context.support.AbstractContextLoader - Did not detect default resource location for test class [wrapper.Servlet_RestControllerTests]: class path resource [wrapper/Servlet_RestControllerTestsContext.groovy] does not exist
14:11:28.454 [Test worker] INFO org.springframework.test.context.support.AbstractContextLoader - Could not detect default resource locations for test class [wrapper.Servlet_RestControllerTests]: no resource found for suffixes {-context.xml, Context.groovy}.
14:11:28.455 [Test worker] INFO org.springframework.test.context.support.AnnotationConfigContextLoaderUtils - Could not detect default configuration classes for test class [wrapper.Servlet_RestControllerTests]: Servlet_RestControllerTests does not declare any static, non-private, non-final, nested classes annotated with @Configuration.
14:11:28.495 [Test worker] DEBUG org.springframework.test.context.support.ActiveProfilesUtils - Could not find an 'annotation declaring class' for annotation type [org.springframework.test.context.ActiveProfiles] and class [wrapper.Servlet_RestControllerTests]
14:11:28.545 [Test worker] DEBUG org.springframework.context.annotation.ClassPathScanningCandidateComponentProvider - Identified candidate component class: file [D:\Work\OneDrive\UIC\Spring - 2019\CS441 - Engineering Distributed Objects For Cloud Computing\Homework\hw4\shashank_maithani_cs441_hw4\build\classes\java\main\wrapper\Application_SpringBoot.class]
14:11:28.553 [Test worker] INFO org.springframework.boot.test.context.SpringBootTestContextBootstrapper - Found @SpringBootConfiguration wrapper.Application_SpringBoot for test class wrapper.Servlet_RestControllerTests
14:11:28.630 [Test worker] DEBUG org.springframework.boot.test.context.SpringBootTestContextBootstrapper - @TestExecutionListeners is not present for class [wrapper.Servlet_RestControllerTests]: using defaults.
14:11:28.630 [Test worker] INFO org.springframework.boot.test.context.SpringBootTestContextBootstrapper - Loaded default TestExecutionListener class names from location [META-INF/spring.factories]: [org.springframework.boot.test.autoconfigure.restdocs.RestDocsTestExecutionListener, org.springframework.boot.test.autoconfigure.web.client.MockRestServiceServerResetTestExecutionListener, org.springframework.boot.test.autoconfigure.web.servlet.MockMvcPrintOnlyOnFailureTestExecutionListener, org.springframework.boot.test.autoconfigure.web.servlet.WebDriverTestExecutionListener, org.springframework.boot.test.mock.mockito.MockitoTestExecutionListener, org.springframework.boot.test.mock.mockito.ResetMocksTestExecutionListener, org.springframework.test.context.web.ServletTestExecutionListener, org.springframework.test.context.support.DirtiesContextBeforeModesTestExecutionListener, org.springframework.test.context.support.DependencyInjectionTestExecutionListener, org.springframework.test.context.support.DirtiesContextTestExecutionListener, org.springframework.test.context.transaction.TransactionalTestExecutionListener, org.springframework.test.context.jdbc.SqlScriptsTestExecutionListener]
14:11:28.639 [Test worker] DEBUG org.springframework.boot.test.context.SpringBootTestContextBootstrapper - Skipping candidate TestExecutionListener [org.springframework.test.context.transaction.TransactionalTestExecutionListener] due to a missing dependency. Specify custom listener classes or make the default listener classes and their required dependencies available. Offending class: [org/springframework/transaction/interceptor/TransactionAttributeSource]
14:11:28.640 [Test worker] DEBUG org.springframework.boot.test.context.SpringBootTestContextBootstrapper - Skipping candidate TestExecutionListener [org.springframework.test.context.jdbc.SqlScriptsTestExecutionListener] due to a missing dependency. Specify custom listener classes or make the default listener classes and their required dependencies available. Offending class: [org/springframework/transaction/interceptor/TransactionAttribute]
14:11:28.640 [Test worker] INFO org.springframework.boot.test.context.SpringBootTestContextBootstrapper - Using TestExecutionListeners: [org.springframework.test.context.web.ServletTestExecutionListener@797d734d, org.springframework.test.context.support.DirtiesContextBeforeModesTestExecutionListener@70bd9f2c, org.springframework.boot.test.mock.mockito.MockitoTestExecutionListener@9dec11c, org.springframework.boot.test.autoconfigure.SpringBootDependencyInjectionTestExecutionListener@66fed2e2, org.springframework.test.context.support.DirtiesContextTestExecutionListener@748b226b, org.springframework.boot.test.autoconfigure.restdocs.RestDocsTestExecutionListener@68d38729, org.springframework.boot.test.autoconfigure.web.client.MockRestServiceServerResetTestExecutionListener@17fa6d0e, org.springframework.boot.test.autoconfigure.web.servlet.MockMvcPrintOnlyOnFailureTestExecutionListener@703c4d1, org.springframework.boot.test.autoconfigure.web.servlet.WebDriverTestExecutionListener@2a363620, org.springframework.boot.test.mock.mockito.ResetMocksTestExecutionListener@5ea81680]
14:11:28.642 [Test worker] DEBUG org.springframework.test.annotation.ProfileValueUtils - Retrieved @ProfileValueSourceConfiguration [null] for test class [wrapper.Servlet_RestControllerTests]
14:11:28.643 [Test worker] DEBUG org.springframework.test.annotation.ProfileValueUtils - Retrieved ProfileValueSource type [class org.springframework.test.annotation.SystemProfileValueSource] for class [wrapper.Servlet_RestControllerTests]
14:11:28.643 [Test worker] DEBUG org.springframework.test.annotation.ProfileValueUtils - Retrieved @ProfileValueSourceConfiguration [null] for test class [wrapper.Servlet_RestControllerTests]
14:11:28.643 [Test worker] DEBUG org.springframework.test.annotation.ProfileValueUtils - Retrieved ProfileValueSource type [class org.springframework.test.annotation.SystemProfileValueSource] for class [wrapper.Servlet_RestControllerTests]
14:11:28.647 [Test worker] DEBUG org.springframework.test.context.support.AbstractDirtiesContextTestExecutionListener - Before test class: context [DefaultTestContext@534e2f12 testClass = Servlet_RestControllerTests, testInstance = [null], testMethod = [null], testException = [null], mergedContextConfiguration = [WebMergedContextConfiguration@69aaa6d6 testClass = Servlet_RestControllerTests, locations = '{}', classes = '{class wrapper.Application_SpringBoot}', contextInitializerClasses = '[]', activeProfiles = '{}', propertySourceLocations = '{}', propertySourceProperties = '{org.springframework.boot.test.context.SpringBootTestContextBootstrapper=true}', contextCustomizers = set[org.springframework.boot.test.autoconfigure.properties.PropertyMappingContextCustomizer@e7e8512, org.springframework.boot.test.autoconfigure.web.servlet.WebDriverContextCustomizerFactory$Customizer@645b0683, [ImportsContextCustomizer@41ffd0f6 key = [org.springframework.boot.test.autoconfigure.web.servlet.MockMvcAutoConfiguration, org.springframework.boot.test.autoconfigure.web.servlet.MockMvcSecurityAutoConfiguration, org.springframework.boot.test.autoconfigure.web.servlet.MockMvcWebClientAutoConfiguration, org.springframework.boot.test.autoconfigure.web.servlet.MockMvcWebDriverAutoConfiguration]], org.springframework.boot.test.context.filter.ExcludeFilterContextCustomizer@7d7c4b4e, org.springframework.boot.test.json.DuplicateJsonObjectContextCustomizerFactory$DuplicateJsonObjectContextCustomizer@5cd55d51, org.springframework.boot.test.mock.mockito.MockitoContextCustomizer@0, org.springframework.boot.test.web.client.TestRestTemplateContextCustomizer@39f311cc], resourceBasePath = 'src/main/webapp', contextLoader = 'org.springframework.boot.test.context.SpringBootContextLoader', parent = [null]], attributes = map['org.springframework.test.context.web.ServletTestExecutionListener.activateListener' -> true]], class annotated with @DirtiesContext [false] with mode [null].
14:11:28.647 [Test worker] DEBUG org.springframework.test.annotation.ProfileValueUtils - Retrieved @ProfileValueSourceConfiguration [null] for test class [wrapper.Servlet_RestControllerTests]
14:11:28.647 [Test worker] DEBUG org.springframework.test.annotation.ProfileValueUtils - Retrieved ProfileValueSource type [class org.springframework.test.annotation.SystemProfileValueSource] for class [wrapper.Servlet_RestControllerTests]
14:11:28.663 [Test worker] DEBUG org.springframework.test.context.support.TestPropertySourceUtils - Adding inlined properties to environment: {spring.jmx.enabled=false, org.springframework.boot.test.context.SpringBootTestContextBootstrapper=true, server.port=-1}

  .   ____          _            __ _ _
 /\\ / ___'_ __ _ _(_)_ __  __ _ \ \ \ \
( ( )\___ | '_ | '_| | '_ \/ _` | \ \ \ \
 \\/  ___)| |_)| | | | | || (_| |  ) ) ) )
  '  |____| .__|_| |_|_| |_\__, | / / / /
 =========|_|==============|___/=/_/_/_/
 :: Spring Boot ::        (v2.1.3.RELEASE)

2019-03-31 14:11:28.840  INFO 13948 --- [    Test worker] wrapper.Servlet_RestControllerTests      : Starting Servlet_RestControllerTests on SHANKS-XPS with PID 13948 (started by Shanks in D:\Work\OneDrive\UIC\Spring - 2019\CS441 - Engineering Distributed Objects For Cloud Computing\Homework\hw4\shashank_maithani_cs441_hw4)
2019-03-31 14:11:28.842  INFO 13948 --- [    Test worker] wrapper.Servlet_RestControllerTests      : No active profile set, falling back to default profiles: default
2019-03-31 14:11:30.237  INFO 13948 --- [    Test worker] o.s.s.concurrent.ThreadPoolTaskExecutor  : Initializing ExecutorService 'applicationTaskExecutor'
2019-03-31 14:11:30.783  INFO 13948 --- [    Test worker] o.s.b.t.m.w.SpringBootMockServletContext : Initializing Spring TestDispatcherServlet ''
2019-03-31 14:11:30.783  INFO 13948 --- [    Test worker] o.s.t.web.servlet.TestDispatcherServlet  : Initializing Servlet ''
2019-03-31 14:11:30.799  INFO 13948 --- [    Test worker] o.s.b.a.e.web.EndpointLinksResolver      : Exposing 2 endpoint(s) beneath base path '/actuator'
2019-03-31 14:11:30.826  INFO 13948 --- [    Test worker] o.s.t.web.servlet.TestDispatcherServlet  : Completed initialization in 43 ms
2019-03-31 14:11:30.865  INFO 13948 --- [    Test worker] wrapper.Servlet_RestControllerTests      : Started Servlet_RestControllerTests in 2.195 seconds (JVM running for 3.056)
New game Created: shanks vs. CPU
timer: 0
time limit set: false
white on top?: false

MockHttpServletRequest:
      HTTP Method = GET
      Request URI = /newgame
       Parameters = {iswhite=[false]}
          Headers = []
             Body = null
    Session Attrs = {}

Handler:
             Type = wrapper.Servlet_RestController
           Method = public wrapper.InitializeGame_BEAN wrapper.Servlet_RestController.startGame(java.lang.Boolean,java.lang.String,int)

Async:
    Async started = false
     Async result = null

Resolved Exception:
             Type = null

ModelAndView:
        View name = null
             View = null
            Model = null

FlashMap:
       Attributes = null

MockHttpServletResponse:
           Status = 200
    Error message = null
          Headers = [Content-Type:"application/json;charset=UTF-8"]
     Content type = application/json;charset=UTF-8
             Body = {"id":"4726815","status":"New Game is Created","objPieceTracking":null}
    Forwarded URL = null
   Redirected URL = null
          Cookies = []
New game Created: CPU vs. shanks
timer: 0
time limit set: false
white on top?: false

MockHttpServletRequest:
      HTTP Method = GET
      Request URI = /newgame
       Parameters = {iswhite=[true]}
          Headers = []
             Body = null
    Session Attrs = {}

Handler:
             Type = wrapper.Servlet_RestController
           Method = public wrapper.InitializeGame_BEAN wrapper.Servlet_RestController.startGame(java.lang.Boolean,java.lang.String,int)

Async:
    Async started = false
     Async result = null

Resolved Exception:
             Type = null

ModelAndView:
        View name = null
             View = null
            Model = null

FlashMap:
       Attributes = null

MockHttpServletResponse:
           Status = 200
    Error message = null
          Headers = [Content-Type:"application/json;charset=UTF-8"]
     Content type = application/json;charset=UTF-8
             Body = {"id":"9267506","status":"New Game is Created, AI moves first, your turn","objPieceTracking":{"currentLocation":"7,6","nextLocation":"7,4","piece":"Pawn","pieceKilled":"N/A"}}
    Forwarded URL = null
   Redirected URL = null
          Cookies = []

MockHttpServletRequest:
      HTTP Method = GET
      Request URI = /quitgame
       Parameters = {id=[1234567]}
          Headers = []
             Body = null
    Session Attrs = {}

Handler:
             Type = wrapper.Servlet_RestController
           Method = public wrapper.WrapUp_BEAN wrapper.Servlet_RestController.quit(java.lang.String)

Async:
    Async started = false
     Async result = null

Resolved Exception:
             Type = null

ModelAndView:
        View name = null
             View = null
            Model = null

FlashMap:
       Attributes = null

MockHttpServletResponse:
           Status = 200
    Error message = null
          Headers = [Content-Type:"application/json;charset=UTF-8"]
     Content type = application/json;charset=UTF-8
             Body = {"response":"Game is terminated."}
    Forwarded URL = null
   Redirected URL = null
          Cookies = []
New game Created: shanks vs. CPU
timer: 0
time limit set: false
white on top?: false

MockHttpServletRequest:
      HTTP Method = GET
      Request URI = /newgame
       Parameters = {}
          Headers = []
             Body = null
    Session Attrs = {}

Handler:
             Type = wrapper.Servlet_RestController
           Method = public wrapper.InitializeGame_BEAN wrapper.Servlet_RestController.startGame(java.lang.Boolean,java.lang.String,int)

Async:
    Async started = false
     Async result = null

Resolved Exception:
             Type = null

ModelAndView:
        View name = null
             View = null
            Model = null

FlashMap:
       Attributes = null

MockHttpServletResponse:
           Status = 200
    Error message = null
          Headers = [Content-Type:"application/json;charset=UTF-8"]
     Content type = application/json;charset=UTF-8
             Body = {"id":"7494975","status":"New Game is Created","objPieceTracking":null}
    Forwarded URL = null
   Redirected URL = null
          Cookies = []

MockHttpServletRequest:
      HTTP Method = GET
      Request URI = /move
       Parameters = {id=[1234567], oldx=[2], oldy=[2], newx=[3], newy=[2]}
          Headers = []
             Body = null
    Session Attrs = {}

Handler:
             Type = wrapper.Servlet_RestController
           Method = public wrapper.GameTracking_BEAN wrapper.Servlet_RestController.playGame(java.lang.String,int,int,int,int)

Async:
    Async started = false
     Async result = null

Resolved Exception:
             Type = null

ModelAndView:
        View name = null
             View = null
            Model = null

FlashMap:
       Attributes = null

MockHttpServletResponse:
           Status = 200
    Error message = null
          Headers = [Content-Type:"application/json;charset=UTF-8"]
     Content type = application/json;charset=UTF-8
             Body = {"status":"Cannot find the game, start a new one.","objPieceTracking":null,"pieceKilled":null}
    Forwarded URL = null
   Redirected URL = null
          Cookies = []
]]></system-out>
  <system-err><![CDATA[]]></system-err>
</testsuite>
